{
  "RSpec": {
    "coverage": {
      "/home/user/cs362-cold-beverages-Wi2024/spec/chiller_spec.rb": {
        "lines": [
          1,
          null,
          1,
          null,
          1,
          1,
          1,
          1,
          null,
          null,
          1,
          1,
          1,
          1,
          null,
          1,
          1,
          1,
          1,
          null,
          null,
          1,
          1,
          1,
          null,
          null,
          1,
          1,
          1,
          1,
          null,
          null,
          1,
          1,
          1,
          1,
          null,
          null,
          1,
          1,
          1,
          null,
          null,
          1,
          1,
          1,
          1,
          1,
          null,
          null,
          null
        ]
      },
      "/home/user/cs362-cold-beverages-Wi2024/lib/chiller.rb": {
        "lines": [
          1,
          1,
          null,
          null,
          1,
          2,
          null,
          null,
          null,
          null,
          null,
          null,
          null,
          null,
          null
        ]
      },
      "/home/user/cs362-cold-beverages-Wi2024/lib/freezer.rb": {
        "lines": [
          1,
          null,
          1,
          null,
          1,
          null,
          1,
          36,
          36,
          36,
          36,
          null,
          null,
          1,
          4,
          null,
          null,
          1,
          4,
          null,
          null,
          1,
          8,
          null,
          null,
          1,
          8,
          null,
          null,
          1,
          2,
          null,
          null,
          null
        ]
      },
      "/home/user/cs362-cold-beverages-Wi2024/spec/example_spec.rb": {
        "lines": [
          1,
          1,
          1,
          null,
          null
        ]
      },
      "/home/user/cs362-cold-beverages-Wi2024/spec/freezer_spec.rb": {
        "lines": [
          1,
          1,
          null,
          1,
          1,
          1,
          1,
          1,
          null,
          null,
          1,
          1,
          1,
          1,
          null,
          1,
          1,
          1,
          1,
          null,
          null,
          1,
          1,
          1,
          null,
          null,
          1,
          1,
          1,
          1,
          null,
          null,
          1,
          1,
          1,
          1,
          null,
          null,
          1,
          1,
          1,
          null,
          null,
          1,
          1,
          1,
          1,
          1,
          null,
          null
        ]
      },
      "/home/user/cs362-cold-beverages-Wi2024/lib/item.rb": {
        "lines": [
          1,
          1,
          null,
          1,
          7,
          7,
          null,
          null,
          null
        ]
      },
      "/home/user/cs362-cold-beverages-Wi2024/spec/item_spec.rb": {
        "lines": [
          1,
          null,
          1,
          1,
          1,
          1,
          1,
          null,
          null
        ]
      },
      "/home/user/cs362-cold-beverages-Wi2024/spec/refrigerator_spec.rb": {
        "lines": [
          1,
          null,
          1,
          1,
          10,
          10,
          10,
          10,
          10,
          null,
          null,
          1,
          1,
          1,
          1,
          1,
          null,
          null,
          1,
          1,
          1,
          1,
          null,
          null,
          1,
          1,
          1,
          1,
          null,
          null,
          1,
          1,
          null,
          null,
          1,
          1,
          1,
          1,
          1,
          1,
          null,
          null,
          1,
          1,
          1,
          1,
          1,
          null,
          null,
          1,
          1,
          1,
          1,
          1,
          null,
          null,
          1,
          1,
          1,
          null,
          null,
          1,
          1,
          1,
          null,
          null,
          1,
          1,
          null,
          null
        ]
      },
      "/home/user/cs362-cold-beverages-Wi2024/lib/refrigerator.rb": {
        "lines": [
          1,
          null,
          1,
          null,
          1,
          10,
          10,
          10,
          10,
          10,
          10,
          null,
          null,
          1,
          2,
          null,
          null,
          1,
          2,
          null,
          null,
          1,
          3,
          null,
          null,
          1,
          3,
          null,
          null,
          1,
          1,
          1,
          1,
          null,
          null,
          1,
          1,
          1,
          1,
          null,
          null,
          1,
          1,
          null,
          null,
          1,
          1,
          null,
          null,
          1,
          1,
          null,
          null,
          null,
          null,
          null,
          null,
          null,
          null
        ]
      },
      "/home/user/cs362-cold-beverages-Wi2024/spec/vessel_spec.rb": {
        "lines": [
          1,
          null,
          1,
          null,
          1,
          1,
          1,
          1,
          null,
          null,
          1,
          1,
          1,
          null,
          null,
          1,
          1,
          1,
          1,
          null,
          null
        ]
      },
      "/home/user/cs362-cold-beverages-Wi2024/lib/vessel.rb": {
        "lines": [
          1,
          1,
          1,
          null,
          null,
          1,
          7,
          7,
          7,
          null,
          null,
          1,
          2,
          null,
          null,
          1,
          2,
          null,
          null,
          1,
          2,
          null,
          null
        ]
      },
      "/home/user/cs362-cold-beverages-Wi2024/spec/water_dispenser_spec.rb": {
        "lines": [
          1,
          null,
          1,
          1,
          1,
          1,
          1,
          null,
          null,
          1,
          1,
          1,
          1,
          1,
          1,
          1,
          null,
          null,
          1,
          1,
          1,
          1,
          1,
          1,
          1,
          null,
          null,
          1,
          1,
          1,
          1,
          1,
          1,
          null,
          null
        ]
      },
      "/home/user/cs362-cold-beverages-Wi2024/lib/water_dispenser.rb": {
        "lines": [
          1,
          null,
          1,
          null,
          1,
          13,
          null,
          null,
          1,
          2,
          null,
          null,
          1,
          1,
          null,
          null,
          null
        ]
      },
      "/home/user/cs362-cold-beverages-Wi2024/spec/water_reservoir_spec.rb": {
        "lines": [
          1,
          null,
          1,
          null,
          1,
          1,
          1,
          1,
          null,
          null,
          1,
          1,
          1,
          1,
          1,
          1,
          null,
          null,
          1,
          1,
          1,
          1,
          1,
          null,
          null
        ]
      },
      "/home/user/cs362-cold-beverages-Wi2024/lib/water_reservoir.rb": {
        "lines": [
          1,
          null,
          1,
          1,
          1,
          null,
          1,
          16,
          16,
          null,
          null,
          1,
          4,
          null,
          null,
          null,
          1,
          4,
          null,
          null,
          null,
          1,
          3,
          3,
          0,
          null,
          null,
          null,
          null
        ]
      }
    },
    "timestamp": 1710396209
  }
}
